[23:23:25.948] [INFO] Storybook upgrade - v10.1.3
[23:23:25.950] [INFO] detect-projects-spinner-start: Detecting projects...
[23:23:25.951] [DEBUG] Finding Storybook projects...
[23:23:26.013] [DEBUG] Found 1 Storybook projects
[23:23:26.014] [INFO] detect-projects-spinner: Detecting projects: 1 projects
[23:23:26.014] [DEBUG] Getting Storybook data...
[23:23:26.014] [DEBUG] Getting Storybook info...
[23:23:26.086] [DEBUG] Loading main config...
[23:23:26.086] [DEBUG] Getting stories paths...
[23:23:26.098] [DEBUG] Getting package manager...
[23:23:27.102] [DEBUG] Getting package.json info for /Users/daveed/code/markketplace-next/package.json...
[23:23:27.102] [DEBUG] Getting Storybook version...
[23:23:27.102] [DEBUG] /.storybook - Validating before version... undefined
[23:23:27.102] [DEBUG] SB_CLI_UPGRADE_0005 (UpgradeStorybookUnknownCurrentVersionError): We couldn't determine the current version of Storybook in your project.

Are you running the Storybook CLI in a project without Storybook?
It might help if you specify your Storybook config directory with the --config-dir flag.
[23:23:27.102] [INFO] detect-projects-spinner-stop: 1 project detected
[23:23:27.103] [DEBUG] Found 0 valid projects and 1 error projects
[23:23:27.103] [ERROR] Failed to get projects
[23:23:27.104] [ERROR] [38;2;241;97;97mError: ❌ Storybook found errors while collecting data for the following projects:
/.storybook:
SB_CLI_UPGRADE_0005 (UpgradeStorybookUnknownCurrentVersionError): We couldn't determine the current version of Storybook in your project.

Are you running the Storybook CLI in a project without Storybook?
It might help if you specify your Storybook config directory with the --config-dir flag.
    at validateVersion (file:///Users/daveed/.npm/_npx/4973e5d86004e407/node_modules/@storybook/cli/dist/_node-chunks/chunk-JVKDUURD.js:252:11)
    at processProject (file:///Users/daveed/.npm/_npx/4973e5d86004e407/node_modules/@storybook/cli/dist/_node-chunks/chunk-JVKDUURD.js:297:82)
Please fix the errors and run the upgrade command again.[39m
    at getProjects (file:///Users/daveed/.npm/_npx/4973e5d86004e407/node_modules/@storybook/cli/dist/_node-chunks/chunk-JVKDUURD.js:468:13)
    at async upgrade (file:///Users/daveed/.npm/_npx/4973e5d86004e407/node_modules/@storybook/cli/dist/_node-chunks/run-ZT3OMEXE.js:9351:24)
    at async file:///Users/daveed/.npm/_npx/4973e5d86004e407/node_modules/@storybook/cli/dist/_node-chunks/run-ZT3OMEXE.js:9549:70
    at async withTelemetry (file:///Users/daveed/.npm/_npx/4973e5d86004e407/node_modules/storybook/dist/_node-chunks/chunk-4K33EHJJ.js:205:12)
    at async Command.<anonymous> (file:///Users/daveed/.npm/_npx/4973e5d86004e407/node_modules/@storybook/cli/dist/_node-chunks/run-ZT3OMEXE.js:9545:3)
[23:23:27.107] [INFO] Storybook collects completely anonymous usage telemetry. We use it to shape Storybook's roadmap and prioritize features. You can learn more, including how to opt out, at https://storybook.js.org/telemetry
[23:23:27.696] [ERROR] Error: ❌ Storybook found errors while collecting data for the following projects:
/.storybook:
SB_CLI_UPGRADE_0005 (UpgradeStorybookUnknownCurrentVersionError): We couldn't determine the current version of Storybook in your project.

Are you running the Storybook CLI in a project without Storybook?
It might help if you specify your Storybook config directory with the --config-dir flag.
    at validateVersion (file:///Users/daveed/.npm/_npx/4973e5d86004e407/node_modules/@storybook/cli/dist/_node-chunks/chunk-JVKDUURD.js:252:11)
    at processProject (file:///Users/daveed/.npm/_npx/4973e5d86004e407/node_modules/@storybook/cli/dist/_node-chunks/chunk-JVKDUURD.js:297:82)
Please fix the errors and run the upgrade command again.